Invoked as: ./configure 
Tclsh: /opt/homebrew/bin/tclsh
Failed: cc -c -g0 -O2 -g conftest__.c -o conftest__.o
conftest__.c:3:15: error: '_x' declared as an array with a negative size
    3 | static int _x[sizeof(off_t) == 4 ? 1 : -1] = { 1 };
      |               ^~~~~~~~~~~~~~~~~~~~~~~~~~~
1 error generated.
child process exited abnormally
============
The failed code was:
#include <sys/types.h>
int main(void) {
static int _x[sizeof(off_t) == 4 ? 1 : -1] = { 1 };
return 0;
}
============
Failed: cc -g0 -O2 -g conftest__.c -o conftest__
Undefined symbols for architecture arm64:
  "_localtime_s", referenced from:
      _main in conftest__-1e235d.o
ld: symbol(s) not found for architecture arm64
clang: error: linker command failed with exit code 1 (use -v to see invocation)
child process exited abnormally
============
The failed code was:
extern void localtime_s(void);
int main(void) {
localtime_s();
return 0;
}
============
Failed: cc -g0 -O2 -g conftest__.c -o conftest__
Undefined symbols for architecture arm64:
  "_pread64", referenced from:
      _main in conftest__-e7bb7e.o
ld: symbol(s) not found for architecture arm64
clang: error: linker command failed with exit code 1 (use -v to see invocation)
child process exited abnormally
============
The failed code was:
extern void pread64(void);
int main(void) {
pread64();
return 0;
}
============
Failed: cc -g0 -O2 -g conftest__.c -o conftest__
Undefined symbols for architecture arm64:
  "_pwrite64", referenced from:
      _main in conftest__-48cb18.o
ld: symbol(s) not found for architecture arm64
clang: error: linker command failed with exit code 1 (use -v to see invocation)
child process exited abnormally
============
The failed code was:
extern void pwrite64(void);
int main(void) {
pwrite64();
return 0;
}
============
Failed: cc -c -g0 -O2 -g conftest__.c -o conftest__.o
conftest__.c:1:10: fatal error: 'malloc.h' file not found
    1 | #include <malloc.h>
      |          ^~~~~~~~~~
1 error generated.
child process exited abnormally
============
The failed code was:
#include <malloc.h>
int main(void) {

return 0;
}
============
Failed: cc -g0 -O2 -g conftest__.c -o conftest__
Undefined symbols for architecture arm64:
  "_deflate", referenced from:
      _main in conftest__-242d39.o
ld: symbol(s) not found for architecture arm64
clang: error: linker command failed with exit code 1 (use -v to see invocation)
child process exited abnormally
============
The failed code was:
extern void deflate(void);
int main(void) {
deflate();
return 0;
}
============
Failed: cc -c -fsanitize=bounds-strict -g0 -O2 -g conftest__.c -o conftest__.o
clang: error: unsupported argument 'bounds-strict' to option '-fsanitize='
child process exited abnormally
============
The failed code was:
int main(void) {

return 0;
}
============
